C51 COMPILER V9.60.0.0   RETARGETIO                                                        01/25/2022 13:12:37 PAGE 1   


C51 COMPILER V9.60.0.0, COMPILATION OF MODULE RETARGETIO
OBJECT MODULE PLACED IN .\lib\bsp\efm8_retargetserial\retargetio.OBJ
COMPILER INVOKED BY: C:\SiliconLabs\SimplicityStudio\v5\developer\toolchains\keil_8051\9.60\BIN\C51.exe C:\SiliconLabs\S
                    -implicityStudio\v5\developer\sdks\8051\v4.2.3\kits\common\drivers\efm8_retargetserial\retargetio.c OMF2 SMALL DEBUG OBJE
                    -CTEXTEND ROM(LARGE) WARNINGLEVEL(2) FLOATFUZZY(3) OPTIMIZE(8,SPEED) DEFINE(DEBUG=1) INTVECTOR(0X0000) INTPROMOTE INCDIR(
                    -C:\Users\markh\OneDrive\Documents\Uni\4th Year\Eng\EE4\LaserBee\LaserBeeAudio\inc;C:\Users\markh\OneDrive\Documents\Uni\
                    -4th Year\Eng\EE4\LaserBee\LaserBeeAudio\inc\config;C:\Users\markh\OneDrive\Documents\Uni\4th Year\Eng\EE4\LaserBee\Laser
                    -BeeAudio\inc\graphics;C:/SiliconLabs/SimplicityStudio/v5/developer/sdks/8051/v4.2.3//Device/EFM8LB1/peripheral_driver/in
                    -c;C:/SiliconLabs/SimplicityStudio/v5/developer/sdks/8051/v4.2.3//kits/common/drivers/efm8_joystick;C:/SiliconLabs/Simpli
                    -cityStudio/v5/developer/sdks/8051/v4.2.3//kits/common/bsp;C:/SiliconLabs/SimplicityStudio/v5/developer/sdks/8051/v4.2.3/
                    -/kits/EFM8LB1_SLSTK2030A/config;C:/SiliconLabs/SimplicityStudio/v5/developer/sdks/8051/v4.2.3//kits/common/drivers/efm8_
                    -retargetserial;C:/SiliconLabs/SimplicityStudio/v5/developer/sdks/8051/v4.2.3//Device/shared/si8051Base;C:/SiliconLabs/Si
                    -mplicityStudio/v5/developer/sdks/8051/v4.2.3//Device/EFM8LB1/inc;C:/SiliconLabs/SimplicityStudio/v5/developer/sdks/8051/
                    -v4.2.3//kits/common/drivers/efm8_memory_lcd/inc;C:/SiliconLabs/SimplicityStudio/v5/developer/sdks/8051/v4.2.3//kits/comm
                    -on/drivers/efm8_memory_lcd/inc/graphics;C:/SiliconLabs/SimplicityStudio/v5/developer/sdks/8051/v4.2.3//kits/common/drive
                    -rs/efm8_memory_lcd/inc/config) PRINT(.\lib\bsp\efm8_retargetserial\retargetio.lst) COND PAGEWIDTH(120) PAGELENGTH(65) OB
                    -JECT(.\lib\bsp\efm8_retargetserial\retargetio.OBJ)

line level    source

   1          /////////////////////////////////////////////////////////////////////////////
   2          // retargetio.c
   3          /////////////////////////////////////////////////////////////////////////////
   4          
   5          #if defined __C51__
   6          
   7          extern char RETARGET_ReadChar(void);
   8          extern char RETARGET_WriteChar(char c);
   9          
  10          char _getkey ()  {
  11   1        return(RETARGET_ReadChar());
  12   1      }
  13          
  14          char putchar (char c)
  15          {
  16   1        return(RETARGET_WriteChar(c));
  17   1      }
  18          
  19          #elif defined __ICC8051__
              
              extern int RETARGET_ReadChar(void);
              extern int RETARGET_WriteChar(int c);
              
              int getchar(void){
                return(RETARGET_ReadChar());
              }
              
              int putchar(int c)
              {
                return(RETARGET_WriteChar(c));
              }
              
              #endif


MODULE INFORMATION:   STATIC OVERLAYABLE
   CODE SIZE        =      6    ----
   CONSTANT SIZE    =   ----    ----
   XDATA SIZE       =   ----    ----
   PDATA SIZE       =   ----    ----
   DATA SIZE        =   ----    ----
   IDATA SIZE       =   ----    ----
C51 COMPILER V9.60.0.0   RETARGETIO                                                        01/25/2022 13:12:37 PAGE 2   

   BIT SIZE         =   ----    ----
   EDATA SIZE       =   ----    ----
   HDATA SIZE       =   ----    ----
   XDATA CONST SIZE =   ----    ----
   FAR CONST SIZE   =   ----    ----
END OF MODULE INFORMATION.


C51 COMPILATION COMPLETE.  0 WARNING(S),  0 ERROR(S)
